Arguments: 
  /snap/node/6331/bin/node /home/harpreet/.yarn/bin/yarn.js global dir --json

PATH: 
  /home/harpreet/.yarn/bin:/home/harpreet/.config/yarn/global/node_modules/.bin:/usr/local/sbin:/usr/local/bin:/usr/sbin:/usr/bin:/sbin:/bin:/usr/games:/usr/local/games:/snap/bin

Yarn version: 
  1.22.19

Node version: 
  14.19.3

Platform: 
  linux x64

Trace: 
  Error: EACCES: permission denied, write
      at writeSync (fs.js:737:3)
      at SyncWriteStream._write (internal/fs/sync_write_stream.js:24:3)
      at writeOrBuffer (internal/streams/writable.js:358:12)
      at SyncWriteStream.Writable.write (internal/streams/writable.js:303:10)
      at JSONReporter._dump (/home/harpreet/.yarn/lib/cli.js:49577:12)
      at JSONReporter.log (/home/harpreet/.yarn/lib/cli.js:49605:10)
      at dir (/home/harpreet/.yarn/lib/cli.js:36307:14)
      at Object.<anonymous> (/home/harpreet/.yarn/lib/cli.js:25987:25)
      at Generator.next (<anonymous>)
      at step (/home/harpreet/.yarn/lib/cli.js:310:30)

npm manifest: 
  {
    "name": "generic-search-sorting-filtering",
    "version": "0.1.0",
    "author": {
      "name": "Harpreet S.",
      "email": "HarpreetWP@gmail.com",
      "url": "https://harpreet.vercel.app/"
    },
    "private": true,
    "dependencies": {
      "@testing-library/jest-dom": "^5.16.4",
      "@testing-library/react": "^13.1.1",
      "@testing-library/user-event": "^13.5.0",
      "@types/jest": "^27.4.1",
      "@types/node": "^16.11.33",
      "@types/react": "^18.0.8",
      "@types/react-dom": "^18.0.3",
      "react": "^18.1.0",
      "react-dom": "^18.1.0",
      "react-scripts": "5.0.1",
      "typescript": "^4.6.4",
      "web-vitals": "^2.1.4"
    },
    "scripts": {
      "start": "react-scripts start",
      "build": "react-scripts build",
      "test": "react-scripts test",
      "eject": "react-scripts eject"
    },
    "eslintConfig": {
      "extends": [
        "react-app",
        "react-app/jest"
      ]
    },
    "browserslist": {
      "production": [
        ">0.2%",
        "not dead",
        "not op_mini all"
      ],
      "development": [
        "last 1 chrome version",
        "last 1 firefox version",
        "last 1 safari version"
      ]
    }
  }

yarn manifest: 
  No manifest

Lockfile: 
  No lockfile
